2024-08-05 17:59:03 - Иванов5 Иван5 Иванович5 - 79129034363 - 0 - True
2024-08-05 18:06:38 - Иванов1 Иван1 Иванович1 - 1 - 79048857906 - 0 - True
2024-08-05 18:06:42 - Null - Null - 79048857901 - 0 - False
2024-08-05 18:06:43 - Null - Null - 79048857901 - 0 - False
2024-08-05 18:07:37 - Иванов1 Иван1 Иванович1 - 1 - 79048857906 - 0 - True
2024-08-05 18:07:38 - Иванов1 Иван1 Иванович1 - 1 - 79048857906 - 0 - True
2024-08-05 18:07:38 - Иванов1 Иван1 Иванович1 - 1 - 79048857906 - 0 - True
2024-08-05 18:07:39 - Иванов1 Иван1 Иванович1 - 1 - 79048857906 - 0 - True
2024-08-05 18:08:51 - Null - Null - 79048857901 - 0 - False
2024-08-05 18:08:52 - Null - Null - 79048857901 - 0 - False
2024-08-05 18:08:53 - Null - Null - 79048857901 - 0 - False
2024-08-05 18:08:53 - Null - Null - 79048857901 - 0 - False
2024-08-05 22:41:39 - Null - Null - 79129034363 - 5 - False
2024-08-05 22:42:10 - Иванов5 Иван5 Иванович5 - 5 - 79129034363 - 0 - True
2024-08-07 16:37:25 - Иванов5 Иван5 Иванович5 - 5 - 79129034363 - 0 - True
2024-08-07 16:38:21 - Null - Null - 79129034363 - 5 - False
2024-08-07 16:39:08 - Null - Null - 79129034363 - 5 - False
2024-08-07 16:39:44 - Null - Null - 79129034363 - 5 - False
2024-08-07 16:52:23 - Иванов5 Иван5 Иванович5 - 5 - 79129034363 - 0 - True
2024-08-07 16:52:36 - Null - Null - 79129034363 - 5 - False
2024-08-07 17:01:49 - Иванов5 Иван5 Иванович5 - 5 - 79129034363 - 0 - True
2024-08-07 17:02:09 - Null - Null - 79129034363 - 5 - False
2024-08-07 17:02:22 - Иванов5 Иван5 Иванович5 - 5 - 79129034363 - 0 - True
2024-08-07 17:02:36 - Иванов5 Иван5 Иванович5 - 5 - 79129034363 - 0 - True
2024-08-07 17:03:03 - Иванов5 Иван5 Иванович5 - 5 - 79129034363 - 0 - True
2024-08-07 17:03:15 - Иванов5 Иван5 Иванович5 - 5 - 79129034363 - 0 - True
2024-08-07 17:04:30 - Иванов5 Иван5 Иванович5 - 5 - 79129034363 - 0 - True
2024-09-04 14:06:42 - Null - Null - 79086366986 - 0 - False
2024-09-04 14:07:19 - Null - Null - 79086366986 - 0 - False
2024-09-04 14:08:03 - Null - Null - 79086366986 - 0 - False
2024-09-04 14:31:03 - Null - Null - 79086366986 - 0 - False
2024-09-04 14:38:13 - Null - Null - 79086366986 - 0 - False
2024-09-04 14:38:58 - Null - Null - 79086366986 - 0 - False
2024-09-04 14:39:15 - Null - Null - 79086366986 - 0 - False
2024-09-04 14:39:29 - Null - Null - 79086366986 - 0 - False
2024-09-04 14:40:51 - ник ник ник - 146 - 79086366986 - 5 - True
2024-09-04 14:42:47 - Null - Null - 79086366986 - 6 - False
2024-09-04 14:43:15 - ник ник ник - 146 - 79086366986 - 5 - True
2024-09-04 14:44:54 - ник ник ник - 146 - 79086366986 - 5 - True
2024-09-04 14:45:18 - ник ник ник - 146 - 79086366986 - 5 - True
2024-09-04 14:46:33 - ник ник ник - 146 - 79086366986 - 5 - True
2024-09-04 16:15:54 - Null - Null - 79086366986 - 0 - False
2024-09-04 16:16:11 - ник ник ник - 146 - 79086366986 - 5 - True
2024-09-04 16:17:06 - Null - Null - 79086366986 - 0 - False
2024-09-04 16:18:45 - ник ник ник - 146 - 79086366986 - 5 - True
2024-09-04 16:24:10 - ник ник ник - 146 - 79086366986 - 5 - True
2024-09-04 16:25:40 - ник ник ник - 146 - 79086366986 - 5 - True
2024-09-04 16:33:56 - ник ник ник - 146 - 79086366986 - 5 - True
2024-09-04 16:35:49 - ник ник ник - 146 - 79086366986 - 5 - True
2024-09-04 16:36:12 - ник ник ник - 146 - 79086366986 - 5 - True
2024-09-04 16:37:45 - ник ник ник - 146 - 79086366986 - 5 - True
2024-09-04 16:39:57 - ник ник ник - 146 - 79086366986 - 5 - True
2024-09-04 16:40:25 - ник ник ник - 146 - 79086366986 - 5 - True
2024-09-04 16:41:08 - ник ник ник - 146 - 79086366986 - 5 - True
2024-09-04 16:41:29 - ник ник ник - 146 - 79086366986 - 5 - True
2024-09-04 16:43:39 - ник ник ник - 146 - 79086366986 - 5 - True
2024-09-04 16:44:21 - ник ник ник - 146 - 79086366986 - 5 - True
2024-09-04 16:44:56 - ник ник ник - 146 - 79086366986 - 5 - True
2024-09-04 18:22:57 - Null - Null - 79824145138 - 0 - False
2024-09-04 18:24:06 - Null - Null - 79824145138 - 0 - False
2024-09-04 18:25:04 - Null - Null - 79824145138 - 0 - False
2024-09-04 18:25:52 - Null - Null - 79824145138 - 0 - False
2024-09-04 18:27:19 - я я я - 123 - 79824145138 - 0 - True
2024-09-04 18:28:12 - я я я - 123 - 79824145138 - 0 - True
2024-09-04 18:28:44 - Null - Null - 79824145138 - 5 - False
2024-09-04 18:29:04 - я я я - 123 - 79824145138 - 0 - True
2024-09-04 18:30:22 - я я я - 123 - 79824145138 - 0 - True
2024-09-04 18:31:24 - я я я - 123 - 79824145138 - 0 - True
2024-09-04 18:32:45 - я я я - 123 - 79824145138 - 0 - True
2024-09-04 18:33:11 - Null - Null - 79824145138 - 5 - False
2024-09-04 18:34:02 - я я я - 123 - 79824145138 - 0 - True
2024-09-04 18:51:48 - я я я - 123 - 79824145138 - 0 - True
2024-09-04 18:52:51 - я я я - 123 - 79824145138 - 0 - True
2024-09-04 18:53:28 - я я я - 123 - 79824145138 - 0 - True
2024-09-04 18:55:09 - я я я - 123 - 79824145138 - 0 - True
2024-09-04 18:55:33 - я я я - 123 - 79824145138 - 0 - True
2024-09-04 18:57:23 - я я я - 123 - 79824145138 - 0 - True
2024-09-04 18:58:39 - я я я - 123 - 79824145138 - 0 - True
2024-09-04 19:00:09 - я я я - 123 - 79824145138 - 0 - True
2024-09-04 19:03:58 - я я я - 123 - 79824145138 - 0 - True
2024-09-04 19:10:22 - я я я - 123 - 79824145138 - 0 - True
2024-09-04 19:13:45 - я я я - 123 - 79824145138 - 0 - True
2024-09-04 19:13:59 - я я я - 123 - 79824145138 - 0 - True
2024-09-04 19:20:24 - я я я - 123 - 79824145138 - 0 - True
2024-09-04 19:20:45 - я я я - 123 - 79824145138 - 0 - True
2024-09-04 19:29:29 - я я я - 123 - 79824145138 - 0 - True
2024-09-04 19:29:43 - я я я - 123 - 79824145138 - 0 - True
2024-09-04 19:47:23 - я я я - 123 - 79824145138 - 0 - True
2024-09-07 19:28:06 - я я я - 123 - 79824145138 - 0 - True
2024-09-07 19:28:29 - Null - Null - 79824145138 - 6 - False
2024-09-07 19:29:17 - я я я - 123 - 79824145138 - 0 - True
2024-09-07 19:32:12 - я я я - 123 - 79824145138 - 0 - True - a001ff
2024-09-07 20:09:15 - я я я - 123 - 79824145138 - 0 - True - a001ffff
2024-09-07 20:09:41 - я я я - 123 - 79824145138 - 0 - True - /sig
2024-09-07 20:10:00 - я я я - 123 - 79824145138 - 0 - True - /sig
2024-09-07 20:10:44 - я я я - 123 - 79824145138 - 0 - True - a0 01 ff ff
2024-09-07 20:12:34 - я я я - 123 - 79824145138 - 0 - True - a001ffff
2024-09-07 20:13:00 - я я я - 123 - 79824145138 - 0 - True - A001FFFF
2024-09-07 20:24:06 - я я я - 123 - 79824145138 - 0 - True - aaa
2024-09-07 20:24:32 - я я я - 123 - 79824145138 - 0 - True - aaaa
2024-09-07 20:26:46 - я я я - 123 - 79824145138 - 0 - True - aaaaa0
2024-09-07 20:29:00 - я я я - 123 - 79824145138 - 0 - True - aaaaa0
2024-09-07 20:31:03 - я я я - 123 - 79824145138 - 0 - True - 0123456789abcdef
2024-09-26 18:33:09 - я я я - 123 - 79824145138 - 0 - True - 0123456789abcdef
2024-09-26 18:33:33 - я я я - 123 - 79824145138 - 0 - True - 0123456789abcdef
2024-09-26 18:34:07 - Null - Null - 79824145138 - 5 - False - 0123456789abcdef
2024-09-26 18:34:45 - я я я - 123 - 79824145138 - 0 - True - 0123456789abcdef
2024-09-26 18:35:25 - я я я - 123 - 79824145138 - 0 - True - 0123456789ABCDEF0123456789ABCDEF
2024-09-26 18:58:31 - я я я - 123 - 79824145138 - 0 - True - 0123456789ABCDEF0123456789ABCDEF
2024-09-26 18:59:02 - я я я - 123 - 79824145138 - 0 - True - 0123456789ABCDEF0123456789ABCDEF
2024-09-26 19:14:45 - я я я - 123 - 79824145138 - 0 - True - 0123456789ABCDEF0123456789ABCDEF
2024-09-26 19:15:30 - я я я - 123 - 79824145138 - 0 - True - 0123456789ABCDEF0123456789ABCDEF
2024-09-26 19:15:46 - я я я - 123 - 79824145138 - 0 - True - 0123456789ABCDEF0123456789ABCDEF
2024-09-26 19:18:53 - я я я - 123 - 79824145138 - 0 - True - 0123456789ABCDEF0123456789ABCDEF
2024-09-26 19:19:10 - я я я - 123 - 79824145138 - 0 - True - 0123456789ABCDEF0123456789ABCDEF
2024-09-26 19:19:52 - я я я - 123 - 79824145138 - 0 - True - 0123456789ABCDEF0123456789ABCDEF
2024-09-26 19:20:23 - я я я - 123 - 79824145138 - 0 - True - 0123456789ABCDEF0123456789ABCDEF
2024-09-26 19:23:02 - я я я - 123 - 79824145138 - 0 - True - 0123456789ABCDEF0123456789ABCDEF
2024-09-26 19:23:33 - я я я - 123 - 79824145138 - 0 - True - 0123456789ABCDEF0123456789ABCDEF
2024-09-26 19:47:33 - я я я - 123 - 79824145138 - 0 - True - 0123456789ABCDEF0123456789ABCDEF
2024-09-26 20:16:24 - я я я - 123 - 79824145138 - 0 - True - 0123456789ABCDEF0123456789ABCDEF
2024-09-26 20:18:04 - я я я - 123 - 79824145138 - 0 - True - 0123456789ABCDEF0123456789ABCDEF
2024-09-26 20:19:00 - Null - Null - 79824145138 - 5 - False - 0123456789ABCDEF0123456789ABCDEF
2024-09-26 20:57:30 - я я я - 123 - 79824145138 - 0 - True - 000000
